<?xml version="1.0" encoding="UTF-8"?>
<testsuites>
  <testsuite name="fastlane.lanes">
    
    
    
      
      <testcase classname="fastlane.lanes" name="0: default_platform" time="0.000451">
        
      </testcase>
    
      
      <testcase classname="fastlane.lanes" name="1: pod_push" time="28.008894">
        
          <failure message="/usr/local/Cellar/fastlane/2.197.0/libexec/gems/fastlane-2.197.0/fastlane/lib/fastlane/actions/actions_helper.rb:67:in `execute_action&apos;&#10;/usr/local/Cellar/fastlane/2.197.0/libexec/gems/fastlane-2.197.0/fastlane/lib/fastlane/runner.rb:255:in `block in execute_action&apos;&#10;/usr/local/Cellar/fastlane/2.197.0/libexec/gems/fastlane-2.197.0/fastlane/lib/fastlane/runner.rb:229:in `chdir&apos;&#10;/usr/local/Cellar/fastlane/2.197.0/libexec/gems/fastlane-2.197.0/fastlane/lib/fastlane/runner.rb:229:in `execute_action&apos;&#10;/usr/local/Cellar/fastlane/2.197.0/libexec/gems/fastlane-2.197.0/fastlane/lib/fastlane/runner.rb:157:in `trigger_action_by_name&apos;&#10;/usr/local/Cellar/fastlane/2.197.0/libexec/gems/fastlane-2.197.0/fastlane/lib/fastlane/fast_file.rb:159:in `method_missing&apos;&#10;Fastfile:26:in `block (2 levels) in parsing_binding&apos;&#10;/usr/local/Cellar/fastlane/2.197.0/libexec/gems/fastlane-2.197.0/fastlane/lib/fastlane/lane.rb:33:in `call&apos;&#10;/usr/local/Cellar/fastlane/2.197.0/libexec/gems/fastlane-2.197.0/fastlane/lib/fastlane/runner.rb:49:in `block in execute&apos;&#10;/usr/local/Cellar/fastlane/2.197.0/libexec/gems/fastlane-2.197.0/fastlane/lib/fastlane/runner.rb:45:in `chdir&apos;&#10;/usr/local/Cellar/fastlane/2.197.0/libexec/gems/fastlane-2.197.0/fastlane/lib/fastlane/runner.rb:45:in `execute&apos;&#10;/usr/local/Cellar/fastlane/2.197.0/libexec/gems/fastlane-2.197.0/fastlane/lib/fastlane/lane_manager.rb:47:in `cruise_lane&apos;&#10;/usr/local/Cellar/fastlane/2.197.0/libexec/gems/fastlane-2.197.0/fastlane/lib/fastlane/command_line_handler.rb:36:in `handle&apos;&#10;/usr/local/Cellar/fastlane/2.197.0/libexec/gems/fastlane-2.197.0/fastlane/lib/fastlane/commands_generator.rb:109:in `block (2 levels) in run&apos;&#10;/usr/local/Cellar/fastlane/2.197.0/libexec/gems/commander-4.6.0/lib/commander/command.rb:187:in `call&apos;&#10;/usr/local/Cellar/fastlane/2.197.0/libexec/gems/commander-4.6.0/lib/commander/command.rb:157:in `run&apos;&#10;/usr/local/Cellar/fastlane/2.197.0/libexec/gems/commander-4.6.0/lib/commander/runner.rb:444:in `run_active_command&apos;&#10;/usr/local/Cellar/fastlane/2.197.0/libexec/gems/fastlane-2.197.0/fastlane_core/lib/fastlane_core/ui/fastlane_runner.rb:117:in `run!&apos;&#10;/usr/local/Cellar/fastlane/2.197.0/libexec/gems/commander-4.6.0/lib/commander/delegates.rb:18:in `run!&apos;&#10;/usr/local/Cellar/fastlane/2.197.0/libexec/gems/fastlane-2.197.0/fastlane/lib/fastlane/commands_generator.rb:353:in `run&apos;&#10;/usr/local/Cellar/fastlane/2.197.0/libexec/gems/fastlane-2.197.0/fastlane/lib/fastlane/commands_generator.rb:42:in `start&apos;&#10;/usr/local/Cellar/fastlane/2.197.0/libexec/gems/fastlane-2.197.0/fastlane/lib/fastlane/cli_tools_distributor.rb:122:in `take_off&apos;&#10;/usr/local/Cellar/fastlane/2.197.0/libexec/gems/fastlane-2.197.0/bin/fastlane:23:in `&lt;top (required)&gt;&apos;&#10;/usr/local/Cellar/fastlane/2.197.0/libexec/bin/fastlane:23:in `load&apos;&#10;/usr/local/Cellar/fastlane/2.197.0/libexec/bin/fastlane:23:in `&lt;main&gt;&apos;&#10;&#10;Exit status of command &apos;pod trunk push&apos; was 1 instead of 0.&#10;[32m&#10;[!] Found podspec `TestGithubCI.podspec`[0m&#10;Updating spec repo `trunk`&#10;Validating podspec&#10; -&gt; TestGithubCI -&gt; TestGithubCI (0.0.1)&#10;    - WARN  | source: The version should be included in the Git tag.&#10;    - WARN  | description: The description is equal to the summary.&#10;    - WARN  | [iOS] license: Unable to find a license file&#10;    - ERROR | [TestGithubCI/sdk] xcodebuild: Returned an unsuccessful exit code. You can use `--verbose` for more information.&#10;    - NOTE  | [TestGithubCI/sdk] xcodebuild:  note: Using new build system&#10;    - NOTE  | [TestGithubCI/sdk] xcodebuild:  note: Using codesigning identity override: -&#10;    - NOTE  | [TestGithubCI/sdk] xcodebuild:  note: Build preparation complete&#10;    - NOTE  | [TestGithubCI/sdk] xcodebuild:  note: Planning&#10;    - NOTE  | [TestGithubCI/sdk] xcodebuild:  note: Building targets in parallel&#10;    - NOTE  | [TestGithubCI/sdk] xcodebuild:  clang: error: linker command failed with exit code 1 (use -v to see invocation)&#10;    - WARN  | [iOS] [TestGithubCI/sdk] file patterns: The `public_header_files` pattern did not match any file.&#10;&#10;[!] The spec did not pass validation, due to 1 error and 4 warnings.&#10;&#10;[!] Unable to read the license file `LICENSE` for the spec `TestGithubCI (0.0.1)`&#10;&#10;[!] Unable to read the license file `LICENSE` for the spec `TestGithubCI (0.0.1)`&#10;&#10;[!] Unable to read the license file `LICENSE` for the spec `TestGithubCI (0.0.1)`&#10;&#10;[!] Unable to read the license file `LICENSE` for the spec `TestGithubCI (0.0.1)`&#10;" />
        
      </testcase>
    
  </testsuite>
</testsuites>
